2024-12-30 11:33:23 - INFO - Iniciando o bot do Instagram...
2024-12-30 11:33:23 - INFO - Carregados 19 comentários já respondidos
2024-12-30 11:33:23 - INFO - Bot iniciado! Monitorando comentários...
2024-12-30 11:33:23 - INFO - ID da conta: 17841471015718035
2024-12-30 11:33:23 - INFO - Token: EAAPfqfFmpbYBO1RTZA6...
2024-12-30 11:33:23 - INFO - Verificando necessidade de renovação do token...
2024-12-30 11:33:23 - INFO - Token ainda válido
2024-12-30 11:33:23 - INFO - 
--- Nova verificação ---
2024-12-30 11:33:23 - INFO - Verificando necessidade de renovação do token...
2024-12-30 11:33:23 - INFO - Token ainda válido
2024-12-30 11:33:23 - INFO - 
Obtendo comentários...
2024-12-30 11:33:23 - INFO - Total de comentários já respondidos: 19
2024-12-30 11:33:24 - INFO - Status da resposta: 400
2024-12-30 11:33:24 - ERROR - Erro ao obter comentários: 400 - {"error":{"message":"Error validating access token: Session has expired on Sunday, 29-Dec-24 18:00:00 PST. The current time is Monday, 30-Dec-24 06:33:22 PST.","type":"OAuthException","code":190,"error_subcode":463,"fbtrace_id":"A8QUX560XPgdR5JZuq_0jbI"}}
2024-12-30 11:33:24 - INFO - Encontrados 0 comentários novos
2024-12-30 11:33:24 - INFO - 
Aguardando 5 minutos antes da próxima verificação...
2024-12-30 11:37:16 - INFO - Iniciando o bot do Instagram...
2024-12-30 11:37:16 - INFO - Carregados 19 comentários já respondidos
2024-12-30 11:37:16 - INFO - Bot iniciado! Monitorando comentários...
2024-12-30 11:37:16 - INFO - ID da conta: 17841471015718035
2024-12-30 11:37:16 - INFO - Token: EAAPfqfFmpbYBO1RTZA6...
2024-12-30 11:37:16 - INFO - Verificando necessidade de renovação do token...
2024-12-30 11:37:17 - WARNING - Token expirado ou inválido. Tentando obter novo Long-Lived Token...
2024-12-30 11:37:17 - INFO - Obtendo Long-Lived Access Token...
2024-12-30 11:37:17 - INFO - Status da obtenção do Long-Lived Token: 400
2024-12-30 11:37:17 - ERROR - Erro ao obter Long-Lived Token: {"error":{"message":"Error validating access token: Session has expired on Sunday, 29-Dec-24 18:00:00 PST. The current time is Monday, 30-Dec-24 06:37:16 PST.","type":"OAuthException","code":190,"error_subcode":463,"fbtrace_id":"A2PLzAedtCU8tbMcbY2V-wm"}}
2024-12-30 11:37:17 - ERROR - Não foi possível obter novo token
2024-12-30 11:37:17 - ERROR - Erro ao renovar token inicial. Tentando novamente em 5 minutos...
2024-12-30 11:38:24 - INFO - Iniciando o bot do Instagram...
2024-12-30 11:38:24 - INFO - Carregados 19 comentários já respondidos
2024-12-30 11:38:24 - INFO - Bot iniciado! Monitorando comentários...
2024-12-30 11:38:24 - INFO - ID da conta: 17841471015718035
2024-12-30 11:38:24 - INFO - Token: EAAPfqfFmpbYBO1RTZA6...
2024-12-30 11:38:24 - INFO - Verificando necessidade de renovação do token...
2024-12-30 11:38:24 - WARNING - Token expirado ou inválido. Tentando obter novo Long-Lived Token...
2024-12-30 11:38:24 - INFO - Obtendo Long-Lived Access Token...
2024-12-30 11:38:25 - INFO - Status da obtenção do Long-Lived Token: 400
2024-12-30 11:38:25 - ERROR - Erro ao obter Long-Lived Token: {"error":{"message":"Error validating access token: Session has expired on Sunday, 29-Dec-24 18:00:00 PST. The current time is Monday, 30-Dec-24 06:38:23 PST.","type":"OAuthException","code":190,"error_subcode":463,"fbtrace_id":"AbLfOjl6ym9nflzpVyCNzQA"}}
2024-12-30 11:38:25 - ERROR - Não foi possível obter novo token
2024-12-30 11:38:25 - ERROR - Erro ao renovar token inicial. Tentando novamente em 5 minutos...
2024-12-30 11:41:32 - INFO - Iniciando o bot do Instagram...
2024-12-30 11:41:32 - INFO - Carregados 19 comentários já respondidos
2024-12-30 11:41:32 - INFO - Bot iniciado! Monitorando comentários...
2024-12-30 11:41:32 - INFO - ID da conta: 17841471015718035
2024-12-30 11:41:32 - INFO - Token: EAAPfqfFmpbYBO1RTZA6...
2024-12-30 11:41:32 - INFO - Verificando necessidade de renovação do token...
2024-12-30 11:41:32 - WARNING - Token expirado ou inválido. Tentando obter novo Long-Lived Token...
2024-12-30 11:41:32 - INFO - Obtendo Long-Lived Access Token...
2024-12-30 11:41:33 - INFO - Status da obtenção do Long-Lived Token: 400
2024-12-30 11:41:33 - ERROR - Erro ao obter Long-Lived Token: {"error":{"message":"Error validating access token: Session has expired on Sunday, 29-Dec-24 18:00:00 PST. The current time is Monday, 30-Dec-24 06:41:32 PST.","type":"OAuthException","code":190,"error_subcode":463,"fbtrace_id":"A2GCZ-Aw8dwBox06uLTEnGG"}}
2024-12-30 11:41:33 - ERROR - Não foi possível obter novo token
2024-12-30 11:41:33 - ERROR - Erro ao renovar token inicial. Tentando novamente em 5 minutos...
2024-12-30 11:51:24 - INFO - Iniciando o bot do Instagram...
2024-12-30 11:51:24 - INFO - Carregados 19 comentários já respondidos
2024-12-30 11:51:24 - INFO - Bot iniciado! Monitorando comentários...
2024-12-30 11:51:24 - INFO - ID da conta: 17841471015718035
2024-12-30 11:51:24 - INFO - Token: EAAPfqfFmpbYBO0ukhxe...
2024-12-30 11:51:24 - INFO - Verificando necessidade de renovação do token...
2024-12-30 11:51:25 - INFO - Token ainda válido
2024-12-30 11:51:25 - INFO - 
--- Nova verificação ---
2024-12-30 11:51:25 - INFO - Verificando necessidade de renovação do token...
2024-12-30 11:51:25 - INFO - Token ainda válido
2024-12-30 11:51:25 - INFO - 
Obtendo comentários...
2024-12-30 11:51:25 - INFO - Total de comentários já respondidos: 19
2024-12-30 11:51:27 - INFO - Status da resposta: 200
2024-12-30 11:51:27 - INFO - Comentário já respondido anteriormente: Linda (ID: 17998238498710901)
2024-12-30 11:51:27 - INFO - 
Total de novos comentários encontrados: 0
2024-12-30 11:51:27 - INFO - Encontrados 0 comentários novos
2024-12-30 11:51:27 - INFO - 
Aguardando 5 minutos antes da próxima verificação...
